2022-12-11 23:15:14,791 INFO akshay logged in successfully
2022-12-11 23:18:53,070 INFO akshay Logged out successfully
2022-12-11 23:20:44,473 INFO akshay logged in successfully
2022-12-11 23:20:55,078 INFO akshay Logged out successfully
2022-12-11 23:22:32,276 INFO New user krishna registered successfully
2022-12-11 23:46:34,669 INFO Login failed - Incorrect username/password 
2022-12-11 23:46:48,552 INFO Login failed - Incorrect username/password 
2022-12-11 23:46:59,623 INFO krishna logged in successfully
2022-12-11 23:47:05,397 INFO krishna Logged out successfully
2022-12-11 23:47:40,396 ERROR SQL Injection detected for user krishna Query: SELECT * FROM accounts WHERE username = krishna AND password = test123$" or pg_sleep  (  __TIME__  )  --
2022-12-11 23:47:48,506 ERROR SQL Injection detected for user krishna Query: SELECT * FROM accounts WHERE username = krishna AND password = " or pg_sleep  (  __TIME__  )  --
2022-12-11 23:49:15,418 ERROR SQL Injection detected for user krishna Query: SELECT * FROM accounts WHERE username = krishna AND password = test123$ or 0  =  0 #"
2022-12-11 23:50:04,733 INFO Login failed - Incorrect username/password 
2022-12-11 23:50:45,322 ERROR SQL Injection detected for user akshay Query: SELECT * FROM accounts WHERE username = akshay AND password = test or 0=0 #"
2022-12-12 00:00:08,954 INFO akshay logged in successfully
2022-12-12 00:00:13,908 INFO akshay Logged out successfully
2022-12-12 00:14:17,885 INFO test logged in successfully
2022-12-12 00:14:18,026 INFO test logged in successfully
2022-12-12 00:14:20,154 INFO Login failed - Incorrect username/password 
2022-12-12 00:14:40,595 INFO Login failed - Incorrect username/password 
2022-12-12 00:15:07,186 INFO akshay logged in successfully
2022-12-12 00:15:07,321 INFO akshay logged in successfully
2022-12-12 00:15:09,446 ERROR SQL Injection detected for user akshay')"',)(.).(. Query: SELECT * FROM accounts WHERE username = akshay')"',)(.).(. AND password = project1
2022-12-12 00:15:09,509 INFO Login failed - Incorrect username/password 
2022-12-12 00:16:08,180 INFO akshay logged in successfully
2022-12-12 00:16:08,322 INFO akshay logged in successfully
2022-12-12 00:16:10,457 INFO Login failed - Incorrect username/password 
2022-12-12 00:17:03,391 INFO akshay logged in successfully
2022-12-12 00:17:03,532 INFO akshay logged in successfully
2022-12-12 00:17:05,667 ERROR SQL Injection detected for user akshay Query: SELECT * FROM accounts WHERE username = akshay AND password = project1')")),).(',(
2022-12-12 00:17:05,730 INFO Login failed - Incorrect username/password 
2022-12-12 00:17:13,078 INFO akshay logged in successfully
2022-12-12 00:17:13,219 INFO akshay logged in successfully
2022-12-12 00:17:15,355 ERROR SQL Injection detected for user akshay Query: SELECT * FROM accounts WHERE username = akshay AND password = project1').,)..'((",
2022-12-12 00:17:15,418 INFO Login failed - Incorrect username/password 
2022-12-12 00:17:44,049 INFO akshay logged in successfully
2022-12-12 00:17:44,203 INFO akshay logged in successfully
2022-12-12 00:17:46,327 INFO Login failed - Incorrect username/password 
2022-12-12 00:17:46,389 INFO Login failed - Incorrect username/password 
2022-12-12 00:17:48,557 ERROR SQL Injection detected for user akshay Query: SELECT * FROM accounts WHERE username = akshay AND password = project1') AND 6384=7569 AND (7577=7577
2022-12-12 00:17:48,620 ERROR SQL Injection detected for user akshay Query: SELECT * FROM accounts WHERE username = akshay AND password = project1') AND 9217=9217 AND (4183=4183
2022-12-12 00:17:50,661 ERROR SQL Injection detected for user akshay Query: SELECT * FROM accounts WHERE username = akshay AND password = project1') AND 8344=2440
2022-12-12 00:17:50,718 ERROR SQL Injection detected for user akshay Query: SELECT * FROM accounts WHERE username = akshay AND password = project1') AND 9217=9217
2022-12-12 00:17:52,796 ERROR SQL Injection detected for user akshay Query: SELECT * FROM accounts WHERE username = akshay AND password = project1') AND 9671=3575 AND ('LREE'='LREE
2022-12-12 00:17:52,843 ERROR SQL Injection detected for user akshay Query: SELECT * FROM accounts WHERE username = akshay AND password = project1') AND 9217=9217 AND ('goZS'='goZS
2022-12-12 00:17:54,915 ERROR SQL Injection detected for user akshay Query: SELECT * FROM accounts WHERE username = akshay AND password = project1') AND 8522=4070 AND 'DeYc'='DeYc
2022-12-12 00:17:54,962 ERROR SQL Injection detected for user akshay Query: SELECT * FROM accounts WHERE username = akshay AND password = project1') AND 9217=9217 AND 'fkST'='fkST
2022-12-12 00:17:57,036 ERROR SQL Injection detected for user akshay Query: SELECT * FROM accounts WHERE username = akshay AND password = project1') AND 2498=4707-- BWTV
2022-12-12 00:17:57,082 ERROR SQL Injection detected for user akshay Query: SELECT * FROM accounts WHERE username = akshay AND password = project1') AND 9217=9217-- BJit
2022-12-12 00:17:59,155 ERROR SQL Injection detected for user akshay Query: SELECT * FROM accounts WHERE username = akshay AND password = ')(SELECT (CASE WHEN (5075=7488) THEN CHAR(112)+CHAR(114)+CHAR(111)+CHAR(106)+CHAR(101)+CHAR(99)+CHAR(116)+CHAR(49) ELSE (SELECT 7488 UNION SELECT 2811) END))
2022-12-12 00:17:59,202 ERROR SQL Injection detected for user akshay Query: SELECT * FROM accounts WHERE username = akshay AND password = ')(SELECT (CASE WHEN (5680=5680) THEN CHAR(112)+CHAR(114)+CHAR(111)+CHAR(106)+CHAR(101)+CHAR(99)+CHAR(116)+CHAR(49) ELSE (SELECT 3048 UNION SELECT 1281) END))
2022-12-12 00:18:01,257 ERROR SQL Injection detected for user akshay Query: SELECT * FROM accounts WHERE username = akshay AND password = ')(SELECT CONCAT(CONCAT(CHAR(113)+CHAR(120)+CHAR(122)+CHAR(118)+CHAR(113),(CASE WHEN (3740=3740) THEN CHAR(49) ELSE CHAR(48) END)),CHAR(113)+CHAR(98)+CHAR(106)+CHAR(107)+CHAR(113)))
2022-12-12 00:18:01,320 ERROR SQL Injection detected for user akshay Query: SELECT * FROM accounts WHERE username = akshay AND password = project1') AND 6528 IN (SELECT (CHAR(113)+CHAR(120)+CHAR(122)+CHAR(118)+CHAR(113)+(SELECT (CASE WHEN (6528=6528) THEN CHAR(49) ELSE CHAR(48) END))+CHAR(113)+CHAR(98)+CHAR(106)+CHAR(107)+CHAR(113))) AND (6551=6551
2022-12-12 00:18:03,377 ERROR SQL Injection detected for user akshay Query: SELECT * FROM accounts WHERE username = akshay AND password = project1') AND 6528 IN (SELECT (CHAR(113)+CHAR(120)+CHAR(122)+CHAR(118)+CHAR(113)+(SELECT (CASE WHEN (6528=6528) THEN CHAR(49) ELSE CHAR(48) END))+CHAR(113)+CHAR(98)+CHAR(106)+CHAR(107)+CHAR(113)))
2022-12-12 00:18:03,424 ERROR SQL Injection detected for user akshay Query: SELECT * FROM accounts WHERE username = akshay AND password = project1') AND 6528 IN (SELECT (CHAR(113)+CHAR(120)+CHAR(122)+CHAR(118)+CHAR(113)+(SELECT (CASE WHEN (6528=6528) THEN CHAR(49) ELSE CHAR(48) END))+CHAR(113)+CHAR(98)+CHAR(106)+CHAR(107)+CHAR(113))) AND ('NsSd'='NsSd
2022-12-12 00:18:05,481 ERROR SQL Injection detected for user akshay Query: SELECT * FROM accounts WHERE username = akshay AND password = project1') AND 6528 IN (SELECT (CHAR(113)+CHAR(120)+CHAR(122)+CHAR(118)+CHAR(113)+(SELECT (CASE WHEN (6528=6528) THEN CHAR(49) ELSE CHAR(48) END))+CHAR(113)+CHAR(98)+CHAR(106)+CHAR(107)+CHAR(113))) AND 'Jcsg'='Jcsg
2022-12-12 00:18:05,528 ERROR SQL Injection detected for user akshay Query: SELECT * FROM accounts WHERE username = akshay AND password = project1') AND 6528 IN (SELECT (CHAR(113)+CHAR(120)+CHAR(122)+CHAR(118)+CHAR(113)+(SELECT (CASE WHEN (6528=6528) THEN CHAR(49) ELSE CHAR(48) END))+CHAR(113)+CHAR(98)+CHAR(106)+CHAR(107)+CHAR(113)))-- mJgc
2022-12-12 00:18:07,601 INFO akshay logged in successfully
2022-12-12 00:18:07,711 INFO akshay logged in successfully
2022-12-12 00:18:09,816 INFO akshay logged in successfully
2022-12-12 00:18:09,910 INFO akshay logged in successfully
2022-12-12 00:18:12,015 INFO akshay logged in successfully
2022-12-12 00:18:12,110 INFO akshay logged in successfully
2022-12-12 00:18:14,197 INFO akshay logged in successfully
2022-12-12 00:18:14,292 INFO akshay logged in successfully
2022-12-12 00:18:16,412 INFO akshay logged in successfully
2022-12-12 00:18:16,506 INFO akshay logged in successfully
2022-12-12 00:18:18,609 ERROR SQL Injection detected for user akshay Query: SELECT * FROM accounts WHERE username = akshay AND password = project1');WAITFOR DELAY '0:0:5'--
2022-12-12 00:18:18,656 ERROR SQL Injection detected for user akshay Query: SELECT * FROM accounts WHERE username = akshay AND password = project1') WAITFOR DELAY '0:0:5' AND (6974=6974
2022-12-12 00:18:20,712 INFO Login failed - Incorrect username/password 
2022-12-12 00:18:20,759 INFO Login failed - Incorrect username/password 
2022-12-12 00:18:22,816 INFO Login failed - Incorrect username/password 
2022-12-12 00:18:22,863 ERROR SQL Injection detected for user akshay Query: SELECT * FROM accounts WHERE username = akshay AND password = project1') WAITFOR DELAY '0:0:5'-- GSCd
2022-12-12 00:18:24,919 ERROR SQL Injection detected for user akshay Query: SELECT * FROM accounts WHERE username = akshay AND password = project1') ORDER BY 1-- uTpi
2022-12-12 00:18:24,966 ERROR SQL Injection detected for user akshay Query: SELECT * FROM accounts WHERE username = akshay AND password = project1') ORDER BY 1-- WVST
2022-12-12 00:18:27,040 ERROR SQL Injection detected for user akshay Query: SELECT * FROM accounts WHERE username = akshay AND password = project1') ORDER BY 1-- UazM
2022-12-12 00:18:27,095 ERROR SQL Injection detected for user akshay Query: SELECT * FROM accounts WHERE username = akshay AND password = project1') ORDER BY 1-- jnyT
2022-12-12 00:18:29,176 ERROR SQL Injection detected for user akshay Query: SELECT * FROM accounts WHERE username = akshay AND password = project1') ORDER BY 1-- eqpJ
2022-12-12 00:19:51,932 INFO akshay logged in successfully
2022-12-12 00:19:52,057 INFO akshay logged in successfully
2022-12-12 00:19:54,192 INFO Login failed - Incorrect username/password 
2022-12-12 00:19:54,254 INFO Login failed - Incorrect username/password 
2022-12-12 00:19:56,420 ERROR SQL Injection detected for user akshay Query: SELECT * FROM accounts WHERE username = akshay AND password = project1') AND 4698=7145 AND (2844=2844
2022-12-12 00:19:56,483 ERROR SQL Injection detected for user akshay Query: SELECT * FROM accounts WHERE username = akshay AND password = project1') AND 8108=8108 AND (1023=1023
2022-12-12 00:19:58,541 ERROR SQL Injection detected for user akshay Query: SELECT * FROM accounts WHERE username = akshay AND password = project1') AND 7018=5023
2022-12-12 00:19:58,597 ERROR SQL Injection detected for user akshay Query: SELECT * FROM accounts WHERE username = akshay AND password = project1') AND 8108=8108
2022-12-12 00:20:00,646 ERROR SQL Injection detected for user akshay Query: SELECT * FROM accounts WHERE username = akshay AND password = project1') AND 5937=4429 AND ('xCvQ'='xCvQ
2022-12-12 00:20:00,708 ERROR SQL Injection detected for user akshay Query: SELECT * FROM accounts WHERE username = akshay AND password = project1') AND 8108=8108 AND ('Iveu'='Iveu
2022-12-12 00:20:02,765 ERROR SQL Injection detected for user akshay Query: SELECT * FROM accounts WHERE username = akshay AND password = project1') AND 7387=1218 AND 'qWYA'='qWYA
2022-12-12 00:20:02,812 ERROR SQL Injection detected for user akshay Query: SELECT * FROM accounts WHERE username = akshay AND password = project1') AND 8108=8108 AND 'suQq'='suQq
2022-12-12 00:20:04,869 ERROR SQL Injection detected for user akshay Query: SELECT * FROM accounts WHERE username = akshay AND password = project1') AND 6569=3775-- IhZe
2022-12-12 00:20:04,916 ERROR SQL Injection detected for user akshay Query: SELECT * FROM accounts WHERE username = akshay AND password = project1') AND 8108=8108-- VsFJ
2022-12-12 00:20:06,973 ERROR SQL Injection detected for user akshay Query: SELECT * FROM accounts WHERE username = akshay AND password = ')(SELECT (CASE WHEN (4002=8977) THEN CHAR(112)+CHAR(114)+CHAR(111)+CHAR(106)+CHAR(101)+CHAR(99)+CHAR(116)+CHAR(49) ELSE (SELECT 8977 UNION SELECT 1562) END))
2022-12-12 00:20:07,020 ERROR SQL Injection detected for user akshay Query: SELECT * FROM accounts WHERE username = akshay AND password = ')(SELECT (CASE WHEN (4322=4322) THEN CHAR(112)+CHAR(114)+CHAR(111)+CHAR(106)+CHAR(101)+CHAR(99)+CHAR(116)+CHAR(49) ELSE (SELECT 2883 UNION SELECT 1336) END))
2022-12-12 00:20:09,078 ERROR SQL Injection detected for user akshay Query: SELECT * FROM accounts WHERE username = akshay AND password = ')(SELECT CONCAT(CONCAT(CHAR(113)+CHAR(98)+CHAR(118)+CHAR(112)+CHAR(113),(CASE WHEN (6628=6628) THEN CHAR(49) ELSE CHAR(48) END)),CHAR(113)+CHAR(120)+CHAR(98)+CHAR(118)+CHAR(113)))
2022-12-12 00:20:09,125 ERROR SQL Injection detected for user akshay Query: SELECT * FROM accounts WHERE username = akshay AND password = project1') AND 9757 IN (SELECT (CHAR(113)+CHAR(98)+CHAR(118)+CHAR(112)+CHAR(113)+(SELECT (CASE WHEN (9757=9757) THEN CHAR(49) ELSE CHAR(48) END))+CHAR(113)+CHAR(120)+CHAR(98)+CHAR(118)+CHAR(113))) AND (5448=5448
2022-12-12 00:20:11,212 ERROR SQL Injection detected for user akshay Query: SELECT * FROM accounts WHERE username = akshay AND password = project1') AND 9757 IN (SELECT (CHAR(113)+CHAR(98)+CHAR(118)+CHAR(112)+CHAR(113)+(SELECT (CASE WHEN (9757=9757) THEN CHAR(49) ELSE CHAR(48) END))+CHAR(113)+CHAR(120)+CHAR(98)+CHAR(118)+CHAR(113)))
2022-12-12 00:20:11,259 ERROR SQL Injection detected for user akshay Query: SELECT * FROM accounts WHERE username = akshay AND password = project1') AND 9757 IN (SELECT (CHAR(113)+CHAR(98)+CHAR(118)+CHAR(112)+CHAR(113)+(SELECT (CASE WHEN (9757=9757) THEN CHAR(49) ELSE CHAR(48) END))+CHAR(113)+CHAR(120)+CHAR(98)+CHAR(118)+CHAR(113))) AND ('mSfH'='mSfH
2022-12-12 00:20:13,333 ERROR SQL Injection detected for user akshay Query: SELECT * FROM accounts WHERE username = akshay AND password = project1') AND 9757 IN (SELECT (CHAR(113)+CHAR(98)+CHAR(118)+CHAR(112)+CHAR(113)+(SELECT (CASE WHEN (9757=9757) THEN CHAR(49) ELSE CHAR(48) END))+CHAR(113)+CHAR(120)+CHAR(98)+CHAR(118)+CHAR(113))) AND 'jJie'='jJie
2022-12-12 00:20:13,380 ERROR SQL Injection detected for user akshay Query: SELECT * FROM accounts WHERE username = akshay AND password = project1') AND 9757 IN (SELECT (CHAR(113)+CHAR(98)+CHAR(118)+CHAR(112)+CHAR(113)+(SELECT (CASE WHEN (9757=9757) THEN CHAR(49) ELSE CHAR(48) END))+CHAR(113)+CHAR(120)+CHAR(98)+CHAR(118)+CHAR(113)))-- lurG
2022-12-12 00:20:15,421 INFO akshay logged in successfully
2022-12-12 00:20:15,515 INFO akshay logged in successfully
2022-12-12 00:20:17,618 INFO akshay logged in successfully
2022-12-12 00:20:17,696 INFO akshay logged in successfully
2022-12-12 00:20:19,784 INFO akshay logged in successfully
2022-12-12 00:20:19,877 INFO akshay logged in successfully
2022-12-12 00:20:21,996 INFO akshay logged in successfully
2022-12-12 00:20:22,090 INFO akshay logged in successfully
2022-12-12 00:20:24,178 INFO akshay logged in successfully
2022-12-12 00:20:24,256 INFO akshay logged in successfully
2022-12-12 00:20:26,377 ERROR SQL Injection detected for user akshay Query: SELECT * FROM accounts WHERE username = akshay AND password = project1');WAITFOR DELAY '0:0:10'--
2022-12-12 00:20:26,439 ERROR SQL Injection detected for user akshay Query: SELECT * FROM accounts WHERE username = akshay AND password = project1') WAITFOR DELAY '0:0:10' AND (9385=9385
2022-12-12 00:20:28,481 INFO Login failed - Incorrect username/password 
2022-12-12 00:20:28,528 INFO Login failed - Incorrect username/password 
2022-12-12 00:20:30,585 INFO Login failed - Incorrect username/password 
2022-12-12 00:20:30,631 ERROR SQL Injection detected for user akshay Query: SELECT * FROM accounts WHERE username = akshay AND password = project1') WAITFOR DELAY '0:0:10'-- NoPB
2022-12-12 00:20:32,736 ERROR SQL Injection detected for user akshay Query: SELECT * FROM accounts WHERE username = akshay AND password = project1') ORDER BY 1-- mDwC
2022-12-12 00:20:32,783 ERROR SQL Injection detected for user akshay Query: SELECT * FROM accounts WHERE username = akshay AND password = project1') ORDER BY 1-- omFU
2022-12-12 00:20:34,856 ERROR SQL Injection detected for user akshay Query: SELECT * FROM accounts WHERE username = akshay AND password = project1') ORDER BY 1-- waSS
2022-12-12 00:20:34,903 ERROR SQL Injection detected for user akshay Query: SELECT * FROM accounts WHERE username = akshay AND password = project1') ORDER BY 1-- SYXs
2022-12-12 00:20:36,960 ERROR SQL Injection detected for user akshay Query: SELECT * FROM accounts WHERE username = akshay AND password = project1') ORDER BY 1-- ANDB
2022-12-12 00:22:09,601 INFO Login failed - Incorrect username/password 
2022-12-12 00:22:09,711 INFO Login failed - Incorrect username/password 
2022-12-12 00:22:11,768 INFO Login failed - Incorrect username/password 
2022-12-12 00:22:11,831 ERROR SQL Injection detected for user akshay Query: SELECT * FROM accounts WHERE username = akshay AND password = project123'))).,()(')"
2022-12-12 00:22:13,902 INFO Login failed - Incorrect username/password 
2022-12-12 00:22:14,028 ERROR SQL Injection detected for user akshay Query: SELECT * FROM accounts WHERE username = akshay AND password = project123') AND 6831=8584 AND (6706=6706
2022-12-12 00:22:16,100 ERROR SQL Injection detected for user akshay Query: SELECT * FROM accounts WHERE username = akshay AND password = project123') AND 7773=7773 AND (5712=5712
2022-12-12 00:22:16,162 ERROR SQL Injection detected for user akshay Query: SELECT * FROM accounts WHERE username = akshay AND password = project123') AND 1840=3329
2022-12-12 00:22:18,236 ERROR SQL Injection detected for user akshay Query: SELECT * FROM accounts WHERE username = akshay AND password = project123') AND 7773=7773
2022-12-12 00:22:18,283 ERROR SQL Injection detected for user akshay Query: SELECT * FROM accounts WHERE username = akshay AND password = project123') AND 5783=2275 AND ('HsLx'='HsLx
2022-12-12 00:22:20,356 ERROR SQL Injection detected for user akshay Query: SELECT * FROM accounts WHERE username = akshay AND password = project123') AND 7773=7773 AND ('TgLQ'='TgLQ
2022-12-12 00:22:20,403 ERROR SQL Injection detected for user akshay Query: SELECT * FROM accounts WHERE username = akshay AND password = project123') AND 7573=3970 AND 'RSLq'='RSLq
2022-12-12 00:22:22,475 ERROR SQL Injection detected for user akshay Query: SELECT * FROM accounts WHERE username = akshay AND password = project123') AND 7773=7773 AND 'dIWY'='dIWY
2022-12-12 00:22:22,506 ERROR SQL Injection detected for user akshay Query: SELECT * FROM accounts WHERE username = akshay AND password = project123') AND 3015=8264-- JtJy
2022-12-12 00:22:24,594 ERROR SQL Injection detected for user akshay Query: SELECT * FROM accounts WHERE username = akshay AND password = project123') AND 7773=7773-- KIuV
2022-12-12 00:22:24,641 ERROR SQL Injection detected for user akshay Query: SELECT * FROM accounts WHERE username = akshay AND password = ')(SELECT (CASE WHEN (1094=1098) THEN CHAR(112)+CHAR(114)+CHAR(111)+CHAR(106)+CHAR(101)+CHAR(99)+CHAR(116)+CHAR(49)+CHAR(50)+CHAR(51) ELSE (SELECT 1098 UNION SELECT 5919) END))
2022-12-12 00:22:26,697 ERROR SQL Injection detected for user akshay Query: SELECT * FROM accounts WHERE username = akshay AND password = ')(SELECT (CASE WHEN (5232=5232) THEN CHAR(112)+CHAR(114)+CHAR(111)+CHAR(106)+CHAR(101)+CHAR(99)+CHAR(116)+CHAR(49)+CHAR(50)+CHAR(51) ELSE (SELECT 6720 UNION SELECT 4129) END))
2022-12-12 00:22:26,743 ERROR SQL Injection detected for user akshay Query: SELECT * FROM accounts WHERE username = akshay AND password = ')(SELECT CONCAT(CONCAT(CHAR(113)+CHAR(107)+CHAR(106)+CHAR(106)+CHAR(113),(CASE WHEN (1312=1312) THEN CHAR(49) ELSE CHAR(48) END)),CHAR(113)+CHAR(120)+CHAR(98)+CHAR(120)+CHAR(113)))
2022-12-12 00:22:28,802 ERROR SQL Injection detected for user akshay Query: SELECT * FROM accounts WHERE username = akshay AND password = project123') AND 2614 IN (SELECT (CHAR(113)+CHAR(107)+CHAR(106)+CHAR(106)+CHAR(113)+(SELECT (CASE WHEN (2614=2614) THEN CHAR(49) ELSE CHAR(48) END))+CHAR(113)+CHAR(120)+CHAR(98)+CHAR(120)+CHAR(113))) AND (2452=2452
2022-12-12 00:22:28,849 ERROR SQL Injection detected for user akshay Query: SELECT * FROM accounts WHERE username = akshay AND password = project123') AND 2614 IN (SELECT (CHAR(113)+CHAR(107)+CHAR(106)+CHAR(106)+CHAR(113)+(SELECT (CASE WHEN (2614=2614) THEN CHAR(49) ELSE CHAR(48) END))+CHAR(113)+CHAR(120)+CHAR(98)+CHAR(120)+CHAR(113)))
2022-12-12 00:22:30,891 ERROR SQL Injection detected for user akshay Query: SELECT * FROM accounts WHERE username = akshay AND password = project123') AND 2614 IN (SELECT (CHAR(113)+CHAR(107)+CHAR(106)+CHAR(106)+CHAR(113)+(SELECT (CASE WHEN (2614=2614) THEN CHAR(49) ELSE CHAR(48) END))+CHAR(113)+CHAR(120)+CHAR(98)+CHAR(120)+CHAR(113))) AND ('npYw'='npYw
2022-12-12 00:22:30,938 ERROR SQL Injection detected for user akshay Query: SELECT * FROM accounts WHERE username = akshay AND password = project123') AND 2614 IN (SELECT (CHAR(113)+CHAR(107)+CHAR(106)+CHAR(106)+CHAR(113)+(SELECT (CASE WHEN (2614=2614) THEN CHAR(49) ELSE CHAR(48) END))+CHAR(113)+CHAR(120)+CHAR(98)+CHAR(120)+CHAR(113))) AND 'HYIa'='HYIa
2022-12-12 00:22:32,996 ERROR SQL Injection detected for user akshay Query: SELECT * FROM accounts WHERE username = akshay AND password = project123') AND 2614 IN (SELECT (CHAR(113)+CHAR(107)+CHAR(106)+CHAR(106)+CHAR(113)+(SELECT (CASE WHEN (2614=2614) THEN CHAR(49) ELSE CHAR(48) END))+CHAR(113)+CHAR(120)+CHAR(98)+CHAR(120)+CHAR(113)))-- wfzt
2022-12-12 00:22:33,042 INFO Login failed - Incorrect username/password 
2022-12-12 00:22:35,117 INFO Login failed - Incorrect username/password 
2022-12-12 00:22:35,164 INFO Login failed - Incorrect username/password 
2022-12-12 00:22:37,221 INFO Login failed - Incorrect username/password 
2022-12-12 00:22:37,268 INFO Login failed - Incorrect username/password 
2022-12-12 00:22:39,309 INFO Login failed - Incorrect username/password 
2022-12-12 00:22:39,340 INFO Login failed - Incorrect username/password 
2022-12-12 00:22:41,413 INFO Login failed - Incorrect username/password 
2022-12-12 00:22:41,460 INFO Login failed - Incorrect username/password 
2022-12-12 00:22:43,518 INFO Login failed - Incorrect username/password 
2022-12-12 00:22:43,565 ERROR SQL Injection detected for user akshay Query: SELECT * FROM accounts WHERE username = akshay AND password = project123');WAITFOR DELAY '0:0:10'--
2022-12-12 00:22:45,653 ERROR SQL Injection detected for user akshay Query: SELECT * FROM accounts WHERE username = akshay AND password = project123') WAITFOR DELAY '0:0:10' AND (5613=5613
2022-12-12 00:22:45,700 INFO Login failed - Incorrect username/password 
2022-12-12 00:22:47,742 INFO Login failed - Incorrect username/password 
2022-12-12 00:22:47,789 INFO Login failed - Incorrect username/password 
2022-12-12 00:22:49,862 ERROR SQL Injection detected for user akshay Query: SELECT * FROM accounts WHERE username = akshay AND password = project123') WAITFOR DELAY '0:0:10'-- ThFS
2022-12-12 00:22:49,927 ERROR SQL Injection detected for user akshay Query: SELECT * FROM accounts WHERE username = akshay AND password = project123') ORDER BY 1-- nqXU
2022-12-12 00:22:51,967 ERROR SQL Injection detected for user akshay Query: SELECT * FROM accounts WHERE username = akshay AND password = project123') ORDER BY 1-- Pzck
2022-12-12 00:22:52,014 ERROR SQL Injection detected for user akshay Query: SELECT * FROM accounts WHERE username = akshay AND password = project123') ORDER BY 1-- QDAa
2022-12-12 00:22:54,102 ERROR SQL Injection detected for user akshay Query: SELECT * FROM accounts WHERE username = akshay AND password = project123') ORDER BY 1-- GemX
2022-12-12 00:22:54,150 ERROR SQL Injection detected for user akshay Query: SELECT * FROM accounts WHERE username = akshay AND password = project123') ORDER BY 1-- NgFK
2022-12-12 00:24:11,902 INFO Login failed - Incorrect username/password 
2022-12-12 00:24:12,028 INFO Login failed - Incorrect username/password 
2022-12-12 00:24:14,101 ERROR SQL Injection detected for user akshay'),),'"),.)( Query: SELECT * FROM accounts WHERE username = akshay'),),'"),.)( AND password = project123
2022-12-12 00:24:14,163 INFO Login failed - Incorrect username/password 
2022-12-12 00:24:16,346 ERROR SQL Injection detected for user akshay') AND 2172=7133 AND ('KEvl'='KEvl Query: SELECT * FROM accounts WHERE username = akshay') AND 2172=7133 AND ('KEvl'='KEvl AND password = project123
2022-12-12 00:24:16,393 ERROR SQL Injection detected for user akshay') AND 7257=7257 AND ('rSpY'='rSpY Query: SELECT * FROM accounts WHERE username = akshay') AND 7257=7257 AND ('rSpY'='rSpY AND password = project123
2022-12-12 00:24:18,451 ERROR SQL Injection detected for user akshay') AND 3488=4248 AND 'NfFW'='NfFW Query: SELECT * FROM accounts WHERE username = akshay') AND 3488=4248 AND 'NfFW'='NfFW AND password = project123
2022-12-12 00:24:18,499 ERROR SQL Injection detected for user akshay') AND 7257=7257 AND 'stsV'='stsV Query: SELECT * FROM accounts WHERE username = akshay') AND 7257=7257 AND 'stsV'='stsV AND password = project123
2022-12-12 00:24:20,571 ERROR SQL Injection detected for user akshay') AND 2416=7740 AND (2668=2668 Query: SELECT * FROM accounts WHERE username = akshay') AND 2416=7740 AND (2668=2668 AND password = project123
2022-12-12 00:24:20,618 ERROR SQL Injection detected for user akshay') AND 7257=7257 AND (4317=4317 Query: SELECT * FROM accounts WHERE username = akshay') AND 7257=7257 AND (4317=4317 AND password = project123
2022-12-12 00:24:22,700 ERROR SQL Injection detected for user akshay') AND 7907=5546 Query: SELECT * FROM accounts WHERE username = akshay') AND 7907=5546 AND password = project123
2022-12-12 00:24:22,739 ERROR SQL Injection detected for user akshay') AND 7257=7257 Query: SELECT * FROM accounts WHERE username = akshay') AND 7257=7257 AND password = project123
2022-12-12 00:24:24,780 ERROR SQL Injection detected for user akshay') AND 6131=6018-- ppGU Query: SELECT * FROM accounts WHERE username = akshay') AND 6131=6018-- ppGU AND password = project123
2022-12-12 00:24:24,828 ERROR SQL Injection detected for user akshay') AND 7257=7257-- nbZF Query: SELECT * FROM accounts WHERE username = akshay') AND 7257=7257-- nbZF AND password = project123
2022-12-12 00:24:26,907 ERROR SQL Injection detected for user ')(SELECT (CASE WHEN (6758=5194) THEN CHAR(97)+CHAR(107)+CHAR(115)+CHAR(104)+CHAR(97)+CHAR(121) ELSE (SELECT 5194 UNION SELECT 8217) END)) Query: SELECT * FROM accounts WHERE username = ')(SELECT (CASE WHEN (6758=5194) THEN CHAR(97)+CHAR(107)+CHAR(115)+CHAR(104)+CHAR(97)+CHAR(121) ELSE (SELECT 5194 UNION SELECT 8217) END)) AND password = project123
2022-12-12 00:24:26,946 ERROR SQL Injection detected for user ')(SELECT (CASE WHEN (2841=2841) THEN CHAR(97)+CHAR(107)+CHAR(115)+CHAR(104)+CHAR(97)+CHAR(121) ELSE (SELECT 3346 UNION SELECT 3034) END)) Query: SELECT * FROM accounts WHERE username = ')(SELECT (CASE WHEN (2841=2841) THEN CHAR(97)+CHAR(107)+CHAR(115)+CHAR(104)+CHAR(97)+CHAR(121) ELSE (SELECT 3346 UNION SELECT 3034) END)) AND password = project123
2022-12-12 00:24:29,019 ERROR SQL Injection detected for user ')(SELECT CONCAT(CONCAT(CHAR(113)+CHAR(98)+CHAR(113)+CHAR(120)+CHAR(113),(CASE WHEN (3594=3594) THEN CHAR(49) ELSE CHAR(48) END)),CHAR(113)+CHAR(112)+CHAR(118)+CHAR(113)+CHAR(113))) Query: SELECT * FROM accounts WHERE username = ')(SELECT CONCAT(CONCAT(CHAR(113)+CHAR(98)+CHAR(113)+CHAR(120)+CHAR(113),(CASE WHEN (3594=3594) THEN CHAR(49) ELSE CHAR(48) END)),CHAR(113)+CHAR(112)+CHAR(118)+CHAR(113)+CHAR(113))) AND password = project123
2022-12-12 00:24:29,066 ERROR SQL Injection detected for user akshay') AND 5291 IN (SELECT (CHAR(113)+CHAR(98)+CHAR(113)+CHAR(120)+CHAR(113)+(SELECT (CASE WHEN (5291=5291) THEN CHAR(49) ELSE CHAR(48) END))+CHAR(113)+CHAR(112)+CHAR(118)+CHAR(113)+CHAR(113))) AND ('IhXg'='IhXg Query: SELECT * FROM accounts WHERE username = akshay') AND 5291 IN (SELECT (CHAR(113)+CHAR(98)+CHAR(113)+CHAR(120)+CHAR(113)+(SELECT (CASE WHEN (5291=5291) THEN CHAR(49) ELSE CHAR(48) END))+CHAR(113)+CHAR(112)+CHAR(118)+CHAR(113)+CHAR(113))) AND ('IhXg'='IhXg AND password = project123
2022-12-12 00:24:31,124 ERROR SQL Injection detected for user akshay') AND 5291 IN (SELECT (CHAR(113)+CHAR(98)+CHAR(113)+CHAR(120)+CHAR(113)+(SELECT (CASE WHEN (5291=5291) THEN CHAR(49) ELSE CHAR(48) END))+CHAR(113)+CHAR(112)+CHAR(118)+CHAR(113)+CHAR(113))) AND 'XHGF'='XHGF Query: SELECT * FROM accounts WHERE username = akshay') AND 5291 IN (SELECT (CHAR(113)+CHAR(98)+CHAR(113)+CHAR(120)+CHAR(113)+(SELECT (CASE WHEN (5291=5291) THEN CHAR(49) ELSE CHAR(48) END))+CHAR(113)+CHAR(112)+CHAR(118)+CHAR(113)+CHAR(113))) AND 'XHGF'='XHGF AND password = project123
2022-12-12 00:24:31,171 ERROR SQL Injection detected for user akshay') AND 5291 IN (SELECT (CHAR(113)+CHAR(98)+CHAR(113)+CHAR(120)+CHAR(113)+(SELECT (CASE WHEN (5291=5291) THEN CHAR(49) ELSE CHAR(48) END))+CHAR(113)+CHAR(112)+CHAR(118)+CHAR(113)+CHAR(113))) AND (3904=3904 Query: SELECT * FROM accounts WHERE username = akshay') AND 5291 IN (SELECT (CHAR(113)+CHAR(98)+CHAR(113)+CHAR(120)+CHAR(113)+(SELECT (CASE WHEN (5291=5291) THEN CHAR(49) ELSE CHAR(48) END))+CHAR(113)+CHAR(112)+CHAR(118)+CHAR(113)+CHAR(113))) AND (3904=3904 AND password = project123
2022-12-12 00:24:33,227 ERROR SQL Injection detected for user akshay') AND 5291 IN (SELECT (CHAR(113)+CHAR(98)+CHAR(113)+CHAR(120)+CHAR(113)+(SELECT (CASE WHEN (5291=5291) THEN CHAR(49) ELSE CHAR(48) END))+CHAR(113)+CHAR(112)+CHAR(118)+CHAR(113)+CHAR(113))) Query: SELECT * FROM accounts WHERE username = akshay') AND 5291 IN (SELECT (CHAR(113)+CHAR(98)+CHAR(113)+CHAR(120)+CHAR(113)+(SELECT (CASE WHEN (5291=5291) THEN CHAR(49) ELSE CHAR(48) END))+CHAR(113)+CHAR(112)+CHAR(118)+CHAR(113)+CHAR(113))) AND password = project123
2022-12-12 00:24:33,274 ERROR SQL Injection detected for user akshay') AND 5291 IN (SELECT (CHAR(113)+CHAR(98)+CHAR(113)+CHAR(120)+CHAR(113)+(SELECT (CASE WHEN (5291=5291) THEN CHAR(49) ELSE CHAR(48) END))+CHAR(113)+CHAR(112)+CHAR(118)+CHAR(113)+CHAR(113)))-- GlsP Query: SELECT * FROM accounts WHERE username = akshay') AND 5291 IN (SELECT (CHAR(113)+CHAR(98)+CHAR(113)+CHAR(120)+CHAR(113)+(SELECT (CASE WHEN (5291=5291) THEN CHAR(49) ELSE CHAR(48) END))+CHAR(113)+CHAR(112)+CHAR(118)+CHAR(113)+CHAR(113)))-- GlsP AND password = project123
2022-12-12 00:24:35,348 INFO Login failed - Incorrect username/password 
2022-12-12 00:24:35,395 INFO Login failed - Incorrect username/password 
2022-12-12 00:24:37,452 INFO Login failed - Incorrect username/password 
2022-12-12 00:24:37,499 INFO Login failed - Incorrect username/password 
2022-12-12 00:24:39,589 INFO Login failed - Incorrect username/password 
2022-12-12 00:24:39,636 INFO Login failed - Incorrect username/password 
2022-12-12 00:24:41,693 INFO Login failed - Incorrect username/password 
2022-12-12 00:24:41,740 INFO Login failed - Incorrect username/password 
2022-12-12 00:24:43,811 INFO Login failed - Incorrect username/password 
2022-12-12 00:24:43,859 INFO Login failed - Incorrect username/password 
2022-12-12 00:24:45,942 ERROR SQL Injection detected for user akshay');WAITFOR DELAY '0:0:10'-- Query: SELECT * FROM accounts WHERE username = akshay');WAITFOR DELAY '0:0:10'-- AND password = project123
2022-12-12 00:24:45,995 INFO Login failed - Incorrect username/password 
2022-12-12 00:24:48,045 INFO Login failed - Incorrect username/password 
2022-12-12 00:24:48,108 ERROR SQL Injection detected for user akshay') WAITFOR DELAY '0:0:10' AND (3227=3227 Query: SELECT * FROM accounts WHERE username = akshay') WAITFOR DELAY '0:0:10' AND (3227=3227 AND password = project123
2022-12-12 00:24:50,176 INFO Login failed - Incorrect username/password 
2022-12-12 00:24:50,223 ERROR SQL Injection detected for user akshay') WAITFOR DELAY '0:0:10'-- fdOh Query: SELECT * FROM accounts WHERE username = akshay') WAITFOR DELAY '0:0:10'-- fdOh AND password = project123
2022-12-12 00:24:52,352 ERROR SQL Injection detected for user akshay') ORDER BY 1-- VUTg Query: SELECT * FROM accounts WHERE username = akshay') ORDER BY 1-- VUTg AND password = project123
2022-12-12 00:24:52,394 ERROR SQL Injection detected for user akshay') ORDER BY 1-- DrhN Query: SELECT * FROM accounts WHERE username = akshay') ORDER BY 1-- DrhN AND password = project123
2022-12-12 00:24:54,486 ERROR SQL Injection detected for user akshay') ORDER BY 1-- fiLk Query: SELECT * FROM accounts WHERE username = akshay') ORDER BY 1-- fiLk AND password = project123
2022-12-12 00:24:54,531 ERROR SQL Injection detected for user akshay') ORDER BY 1-- VjQj Query: SELECT * FROM accounts WHERE username = akshay') ORDER BY 1-- VjQj AND password = project123
2022-12-12 00:24:56,576 ERROR SQL Injection detected for user akshay') ORDER BY 1-- UwQC Query: SELECT * FROM accounts WHERE username = akshay') ORDER BY 1-- UwQC AND password = project123
